2019-02-18 16:21:15,130 - __main__ - INFO - Script is starting with CPU at 50 %.
2019-02-18 16:22:13,400 - __main__ - INFO - Script is starting with CPU at 50 %.
2019-02-18 16:25:20,491 - __main__ - INFO - Script is starting with CPU at 50 %.
2019-02-18 16:25:28,387 - __main__ - INFO - Script is starting with CPU at 50 %.
2019-02-18 16:25:28,916 - __main__ - INFO - Polynomial 2 with 10 features executed 1000 times.
2019-02-18 16:25:28,916 - __main__ - INFO - Polynomial took 0.5208842754364014 miliseconds to complete.
2019-02-18 16:27:00,923 - __main__ - INFO - Script is starting with CPU at 50 %.
2019-02-18 16:27:01,466 - __main__ - INFO - Polynomial 2 with 10 features executed 1000 times.
2019-02-18 16:27:01,466 - __main__ - INFO - Polynomial took 0.5345027446746826 miliseconds to complete.
2019-02-18 16:27:03,334 - __main__ - INFO - Polynomial 3 with 10 features executed 1000 times.
2019-02-18 16:27:03,334 - __main__ - INFO - Polynomial took 1.8590672016143799 miliseconds to complete.
2019-02-18 16:27:11,517 - __main__ - INFO - Script is starting with CPU at 50 %.
2019-02-18 16:27:12,063 - __main__ - INFO - Polynomial 2 with 10 features executed 1000 times.
2019-02-18 16:27:12,063 - __main__ - INFO - Polynomial took 0.5369119644165039 miliseconds to complete.
2019-02-18 16:27:13,838 - __main__ - INFO - Polynomial 3 with 10 features executed 1000 times.
2019-02-18 16:27:13,838 - __main__ - INFO - Polynomial took 1.766392707824707 miliseconds to complete.
2019-02-18 16:27:46,014 - __main__ - INFO - Script is starting with CPU at 50 %.
2019-02-18 16:28:29,085 - __main__ - INFO - Script is starting with CPU at 50 %.
2019-02-18 16:28:29,634 - __main__ - INFO - Polynomial 2 with 10 features executed 1000 times.
2019-02-18 16:28:29,635 - __main__ - INFO - Polynomial took 0.5408940315246582 miliseconds to complete.
2019-02-18 16:28:31,423 - __main__ - INFO - Polynomial 3 with 10 features executed 1000 times.
2019-02-18 16:28:31,424 - __main__ - INFO - Polynomial took 1.7805507183074951 miliseconds to complete.
2019-02-18 16:37:42,265 - __main__ - INFO - Script is starting with CPU at 50 %.
2019-02-18 16:37:42,831 - __main__ - INFO - Polynomial 2 with 10 features executed 1000 times.
2019-02-18 16:37:42,831 - __main__ - INFO - Polynomial took 0.5580689907073975 miliseconds to complete.
2019-02-18 16:37:44,603 - __main__ - INFO - Polynomial 3 with 10 features executed 1000 times.
2019-02-18 16:37:44,604 - __main__ - INFO - Polynomial took 1.7635738849639893 miliseconds to complete.
2019-02-18 16:38:29,173 - __main__ - INFO - Script is starting with CPU at 50 %.
2019-02-18 16:38:29,887 - __main__ - INFO - Polynomial 2 with 10 features executed 1000 times.
2019-02-18 16:38:29,887 - __main__ - INFO - Polynomial took 0.7058026790618896 miliseconds to complete.
2019-02-18 16:38:31,661 - __main__ - INFO - Polynomial 3 with 10 features executed 1000 times.
2019-02-18 16:38:31,661 - __main__ - INFO - Polynomial took 1.7664484977722168 miliseconds to complete.
2019-02-18 16:38:50,703 - __main__ - INFO - Script is starting with CPU at 50 %.
2019-02-18 16:38:51,213 - __main__ - INFO - Polynomial 2 with 10 features executed 1000 times.
2019-02-18 16:38:51,213 - __main__ - INFO - Polynomial took 0.5019590854644775 miliseconds to complete.
2019-02-18 16:38:52,968 - __main__ - INFO - Polynomial 3 with 10 features executed 1000 times.
2019-02-18 16:38:52,968 - __main__ - INFO - Polynomial took 1.7479565143585205 miliseconds to complete.
2019-02-18 16:40:49,507 - __main__ - INFO - Script is starting with CPU at 50 %.
2019-02-18 16:40:50,109 - __main__ - INFO - Polynomial 2 with 10 features executed 1000 times.
2019-02-18 16:40:50,109 - __main__ - INFO - Polynomial took 0.594282865524292 miliseconds to complete.
2019-02-18 16:40:51,899 - __main__ - INFO - Polynomial 3 with 10 features executed 1000 times.
2019-02-18 16:40:51,899 - __main__ - INFO - Polynomial took 1.7828190326690674 miliseconds to complete.
2019-02-18 16:41:33,910 - __main__ - INFO - Script is starting with CPU at 50 %.
2019-02-18 16:41:34,433 - __main__ - INFO - Polynomial 2 with 10 features executed 1000 times.
2019-02-18 16:41:34,433 - __main__ - INFO - Polynomial took 0.5142393112182617 miliseconds to complete.
2019-02-18 16:41:36,150 - __main__ - INFO - Polynomial 3 with 10 features executed 1000 times.
2019-02-18 16:41:36,150 - __main__ - INFO - Polynomial took 1.7085330486297607 miliseconds to complete.
2019-02-18 16:58:02,362 - __main__ - INFO - Script is starting with CPU at 50 %.
2019-02-18 16:58:02,929 - __main__ - INFO - Polynomial 2 with 10 features executed 1000 times.
2019-02-18 16:58:02,930 - __main__ - INFO - Polynomial took 0.558281421661377 miliseconds to complete.
2019-02-18 16:58:04,705 - __main__ - INFO - Polynomial 3 with 10 features executed 1000 times.
2019-02-18 16:58:04,705 - __main__ - INFO - Polynomial took 1.7683744430541992 miliseconds to complete.
2019-02-18 16:58:24,705 - __main__ - INFO - Script is starting with CPU at 50 %.
2019-02-18 16:58:25,272 - __main__ - INFO - Polynomial 2 with 10 features executed 1000 times.
2019-02-18 16:58:25,272 - __main__ - INFO - Polynomial took 0.559119701385498 miliseconds to complete.
2019-02-18 16:58:27,332 - __main__ - INFO - Polynomial 3 with 10 features executed 1000 times.
2019-02-18 16:58:27,333 - __main__ - INFO - Polynomial took 2.0524158477783203 miliseconds to complete.
2019-02-18 16:58:37,946 - __main__ - INFO - Script is starting with CPU at 50 %.
2019-02-18 16:58:38,477 - __main__ - INFO - Polynomial 2 with 10 features executed 1000 times.
2019-02-18 16:58:38,477 - __main__ - INFO - Polynomial took 0.5220210552215576 miliseconds to complete.
2019-02-18 16:58:40,400 - __main__ - INFO - Polynomial 3 with 10 features executed 1000 times.
2019-02-18 16:58:40,400 - __main__ - INFO - Polynomial took 1.9150323867797852 miliseconds to complete.
2019-02-18 17:00:01,346 - __main__ - INFO - Script is starting with CPU at 50 %.
2019-02-18 17:00:01,933 - __main__ - INFO - Polynomial 2 with 10 features executed 1000 times.
2019-02-18 17:00:01,933 - __main__ - INFO - Polynomial took 0.5789721012115479 miliseconds to complete.
2019-02-18 17:00:03,825 - __main__ - INFO - Polynomial 3 with 10 features executed 1000 times.
2019-02-18 17:00:03,826 - __main__ - INFO - Polynomial took 1.8846616744995117 miliseconds to complete.
2019-02-18 17:08:40,527 - __main__ - INFO - Script is starting with CPU at 50 %.
2019-02-18 17:08:41,056 - __main__ - INFO - Polynomial 2 with 10 features executed 1000 times.
2019-02-18 17:08:41,057 - __main__ - INFO - Polynomial took 0.5209658145904541 miliseconds to complete.
2019-02-18 17:08:42,772 - __main__ - INFO - Polynomial 3 with 10 features executed 1000 times.
2019-02-18 17:08:42,772 - __main__ - INFO - Polynomial took 1.7075016498565674 miliseconds to complete.
2019-02-18 17:11:07,993 - __main__ - INFO - Script is starting with CPU at 50 %.
2019-02-18 17:11:08,549 - __main__ - INFO - Polynomial 2 with 10 features executed 1000 times.
2019-02-18 17:11:08,549 - __main__ - INFO - Polynomial took 0.5470869541168213 miliseconds to complete.
2019-02-18 17:11:10,519 - __main__ - INFO - Polynomial 3 with 10 features executed 1000 times.
2019-02-18 17:11:10,519 - __main__ - INFO - Polynomial took 1.9619147777557373 miliseconds to complete.
2019-02-18 17:13:50,860 - __main__ - INFO - Script is starting with CPU at 50 %.
2019-02-18 17:13:51,451 - __main__ - INFO - Polynomial 2 with 10 features executed 1000 times.
2019-02-18 17:13:51,451 - __main__ - INFO - Polynomial took 0.581425666809082 miliseconds to complete.
2019-02-18 17:13:53,231 - __main__ - INFO - Polynomial 3 with 10 features executed 1000 times.
2019-02-18 17:13:53,231 - __main__ - INFO - Polynomial took 1.7722930908203125 miliseconds to complete.
2019-02-18 17:23:59,752 - __main__ - INFO - Script is starting with CPU at 50 %.
2019-02-18 17:24:00,301 - __main__ - INFO - Polynomial 2 with 10 features executed 1000 times.
2019-02-18 17:24:00,301 - __main__ - INFO - Polynomial took 0.5410096645355225 miliseconds to complete.
2019-02-18 17:24:02,127 - __main__ - INFO - Polynomial 3 with 10 features executed 1000 times.
2019-02-18 17:24:02,127 - __main__ - INFO - Polynomial took 1.8180840015411377 miliseconds to complete.
2019-02-18 17:26:09,762 - __main__ - INFO - Script is starting with CPU at 50 %.
2019-02-18 17:26:10,300 - __main__ - INFO - Polynomial 2 with 10 features executed 1000 times.
2019-02-18 17:26:10,300 - __main__ - INFO - Polynomial took 0.531240701675415 miliseconds to complete.
2019-02-18 17:26:12,041 - __main__ - INFO - Polynomial 3 with 10 features executed 1000 times.
2019-02-18 17:26:12,042 - __main__ - INFO - Polynomial took 1.733114242553711 miliseconds to complete.
2019-02-18 17:32:16,476 - __main__ - INFO - Script is starting with CPU at 50 %.
2019-02-18 17:32:17,027 - __main__ - INFO - Polynomial 2 with 10 features executed 1000 times.
2019-02-18 17:32:17,027 - __main__ - INFO - Polynomial took 0.5424296855926514 miliseconds to complete.
2019-02-18 17:32:18,765 - __main__ - INFO - Polynomial 3 with 10 features executed 1000 times.
2019-02-18 17:32:18,765 - __main__ - INFO - Polynomial took 1.7307624816894531 miliseconds to complete.
2019-02-18 17:36:28,827 - __main__ - INFO - Script is starting with CPU at 50 %.
2019-02-18 17:37:48,140 - __main__ - INFO - Script is starting with CPU at 50 %.
2019-02-18 17:37:48,706 - __main__ - INFO - Polynomial 2 with 10 features executed 1000 times.
2019-02-18 17:37:48,706 - __main__ - INFO - Polynomial took 0.5547335147857666 miliseconds to complete.
2019-02-18 17:37:50,475 - __main__ - INFO - Polynomial 3 with 10 features executed 1000 times.
2019-02-18 17:37:50,476 - __main__ - INFO - Polynomial took 1.761946439743042 miliseconds to complete.
2019-02-18 17:59:58,470 - __main__ - INFO - Script is starting with CPU at 50 %.
2019-02-18 17:59:59,012 - __main__ - INFO - Polynomial 2 with 10 features executed 1000 times.
2019-02-18 17:59:59,012 - __main__ - INFO - Polynomial took 0.5341620445251465 miliseconds to complete.
2019-02-18 18:00:01,063 - __main__ - INFO - Polynomial 3 with 10 features executed 1000 times.
2019-02-18 18:00:01,063 - __main__ - INFO - Polynomial took 2.0424726009368896 miliseconds to complete.
2019-02-18 18:00:01,661 - __main__ - INFO - Polynomial 2 with 10 features executed 1000 times.
2019-02-18 18:00:01,661 - __main__ - INFO - Polynomial took 0.5908293724060059 miliseconds to complete.
2019-02-20 08:41:03,241 - __main__ - INFO - Script is starting with CPU at 50 %.
2019-02-20 08:41:03,796 - __main__ - INFO - Polynomial 2 with 10 features executed 1000 times.
2019-02-20 08:41:03,796 - __main__ - INFO - Polynomial took 0.5288093090057373 miliseconds to complete.
2019-02-20 08:41:05,521 - __main__ - INFO - Polynomial 3 with 10 features executed 1000 times.
2019-02-20 08:41:05,521 - __main__ - INFO - Polynomial took 1.7134828567504883 miliseconds to complete.
2019-02-20 08:46:43,282 - __main__ - INFO - Script is starting with CPU at 50 %.
2019-02-20 08:46:43,852 - __main__ - INFO - Polynomial 2 with 10 features executed 1000 times.
2019-02-20 08:46:43,852 - __main__ - INFO - Polynomial took 0.5598397254943848 miliseconds to complete.
2019-02-20 08:46:45,628 - __main__ - INFO - Polynomial 3 with 10 features executed 1000 times.
2019-02-20 08:46:45,629 - __main__ - INFO - Polynomial took 1.7681982517242432 miliseconds to complete.
2019-02-20 08:49:54,741 - __main__ - INFO - Script is starting with CPU at 50 %.
2019-02-20 08:49:55,289 - __main__ - INFO - Polynomial 2 with 10 features executed 1000 times.
2019-02-20 08:49:55,289 - __main__ - INFO - Polynomial took 0.5385327339172363 miliseconds to complete.
2019-02-20 08:49:57,074 - __main__ - INFO - Polynomial 3 with 10 features executed 1000 times.
2019-02-20 08:49:57,074 - __main__ - INFO - Polynomial took 1.7771785259246826 miliseconds to complete.
2019-02-20 08:51:02,927 - __main__ - INFO - Script is starting with CPU at 50 %.
2019-02-20 08:51:22,982 - __main__ - INFO - Script is starting with CPU at 50 %.
2019-02-20 08:51:23,542 - __main__ - INFO - Polynomial 2 with 10 features executed 1000 times.
2019-02-20 08:51:23,542 - __main__ - INFO - Polynomial took 0.5504474639892578 miliseconds to complete.
2019-02-20 08:51:25,455 - __main__ - INFO - Polynomial 3 with 10 features executed 1000 times.
2019-02-20 08:51:25,455 - __main__ - INFO - Polynomial took 1.905085802078247 miliseconds to complete.
2019-02-20 08:59:39,795 - __main__ - INFO - Script is starting with CPU at 50 %.
2019-02-20 08:59:40,314 - __main__ - INFO - Polynomial 2 with 10 features executed 1000 times.
2019-02-20 08:59:40,314 - __main__ - INFO - Polynomial took 0.5109772682189941 miliseconds to complete.
2019-02-20 08:59:42,026 - __main__ - INFO - Polynomial 3 with 10 features executed 1000 times.
2019-02-20 08:59:42,026 - __main__ - INFO - Polynomial took 1.703965425491333 miliseconds to complete.
2019-02-20 09:01:03,166 - __main__ - INFO - Script is starting with CPU at 50 %.
2019-02-20 09:01:03,682 - __main__ - INFO - Polynomial 2 with 10 features executed 1000 times.
2019-02-20 09:01:03,682 - __main__ - INFO - Polynomial took 0.507972240447998 miliseconds to complete.
2019-02-20 09:01:05,349 - __main__ - INFO - Polynomial 3 with 10 features executed 1000 times.
2019-02-20 09:01:05,350 - __main__ - INFO - Polynomial took 1.659388542175293 miliseconds to complete.
2019-02-20 09:02:38,626 - __main__ - INFO - Script is starting with CPU at 50 %.
2019-02-20 09:02:39,164 - __main__ - INFO - Polynomial 2 with 10 features executed 1000 times.
2019-02-20 09:02:39,164 - __main__ - INFO - Polynomial took 0.5297074317932129 miliseconds to complete.
2019-02-20 09:02:40,902 - __main__ - INFO - Polynomial 3 with 10 features executed 1000 times.
2019-02-20 09:02:40,902 - __main__ - INFO - Polynomial took 1.7307212352752686 miliseconds to complete.
2019-02-20 09:04:58,297 - __main__ - INFO - Script is starting with CPU at 50 %.
2019-02-20 09:04:58,822 - __main__ - INFO - Polynomial 2 with 10 features executed 1000 times.
2019-02-20 09:04:58,822 - __main__ - INFO - Polynomial took 0.5172591209411621 miliseconds to complete.
2019-02-20 09:05:00,607 - __main__ - INFO - Polynomial 3 with 10 features executed 1000 times.
2019-02-20 09:05:00,608 - __main__ - INFO - Polynomial took 1.7777354717254639 miliseconds to complete.
2019-02-20 09:07:17,383 - __main__ - INFO - Script is starting with CPU at 50 %.
2019-02-20 09:07:17,914 - __main__ - INFO - Polynomial 2 with 10 features executed 1000 times.
2019-02-20 09:07:17,915 - __main__ - INFO - Polynomial took 0.5231733322143555 miliseconds to complete.
2019-02-20 09:07:19,603 - __main__ - INFO - Polynomial 3 with 10 features executed 1000 times.
2019-02-20 09:07:19,604 - __main__ - INFO - Polynomial took 1.680898904800415 miliseconds to complete.
2019-02-20 09:07:42,860 - __main__ - INFO - Script is starting with CPU at 50 %.
2019-02-20 09:07:43,382 - __main__ - INFO - Polynomial 2 with 10 features executed 1000 times.
2019-02-20 09:07:43,383 - __main__ - INFO - Polynomial took 0.5141332149505615 miliseconds to complete.
2019-02-20 09:07:45,105 - __main__ - INFO - Polynomial 3 with 10 features executed 1000 times.
2019-02-20 09:07:45,105 - __main__ - INFO - Polynomial took 1.7129981517791748 miliseconds to complete.
2019-02-20 09:08:21,573 - __main__ - INFO - Script is starting with CPU at 50 %.
2019-02-20 09:08:22,119 - __main__ - INFO - Polynomial 2 with 10 features executed 1000 times.
2019-02-20 09:08:22,119 - __main__ - INFO - Polynomial took 0.5347816944122314 miliseconds to complete.
2019-02-20 09:08:27,294 - __main__ - INFO - Polynomial 3 with 10 features executed 1000 times.
2019-02-20 09:08:27,294 - __main__ - INFO - Polynomial took 1.8322949409484863 miliseconds to complete.
2019-02-20 09:33:28,692 - __main__ - INFO - Script is starting with CPU at 50 %.
2019-02-20 09:33:29,280 - __main__ - INFO - Polynomial 2 with 10 features executed 1000 times.
2019-02-20 09:33:29,280 - __main__ - INFO - Polynomial took 0.5778214931488037 miliseconds to complete.
2019-02-20 09:33:34,018 - __main__ - INFO - Polynomial 3 with 10 features executed 1000 times.
2019-02-20 09:33:34,018 - __main__ - INFO - Polynomial took 2.0116169452667236 miliseconds to complete.
2019-02-20 09:35:16,811 - __main__ - INFO - Script is starting with CPU at 50 %.
2019-02-20 09:35:17,365 - __main__ - INFO - Polynomial 2 with 10 features executed 1000 times.
2019-02-20 09:35:17,365 - __main__ - INFO - Polynomial took 0.5438506603240967 miliseconds to complete.
2019-02-20 09:35:21,125 - __main__ - INFO - Polynomial 3 with 10 features executed 1000 times.
2019-02-20 09:35:21,125 - __main__ - INFO - Polynomial took 1.7554821968078613 miliseconds to complete.
2019-02-20 09:41:27,114 - __main__ - INFO - Script is starting with CPU at 50 %.
2019-02-20 09:41:27,664 - __main__ - INFO - Polynomial 2 with 10 features executed 1000 times.
2019-02-20 09:41:27,664 - __main__ - INFO - Polynomial took 0.5405809879302979 miliseconds to complete.
2019-02-20 09:41:31,715 - __main__ - INFO - Polynomial 3 with 10 features executed 1000 times.
2019-02-20 09:41:31,716 - __main__ - INFO - Polynomial took 1.8052661418914795 miliseconds to complete.
2019-02-20 09:45:26,895 - __main__ - INFO - Script is starting with CPU at 50 %.
2019-02-20 09:45:27,432 - __main__ - INFO - Polynomial 2 with 10 features executed 1000 times.
2019-02-20 09:45:27,432 - __main__ - INFO - Polynomial took 0.5262439250946045 miliseconds to complete.
2019-02-20 09:45:31,379 - __main__ - INFO - Polynomial 3 with 10 features executed 1000 times.
2019-02-20 09:45:31,379 - __main__ - INFO - Polynomial took 1.7082669734954834 miliseconds to complete.
2019-02-20 09:45:32,837 - __main__ - INFO - Polynomial 1 with 10 features executed 1000 times.
2019-02-20 09:45:32,837 - __main__ - INFO - Polynomial took 0.8810160160064697 miliseconds to complete.
2019-02-20 09:45:55,419 - __main__ - INFO - Script is starting with CPU at 50 %.
2019-02-20 09:45:55,982 - __main__ - INFO - Polynomial 2 with 10 features executed 1000 times.
2019-02-20 09:45:55,982 - __main__ - INFO - Polynomial took 0.5528774261474609 miliseconds to complete.
2019-02-20 09:45:59,126 - __main__ - INFO - Polynomial 3 with 10 features executed 1000 times.
2019-02-20 09:45:59,126 - __main__ - INFO - Polynomial took 1.894418716430664 miliseconds to complete.
2019-02-20 09:46:00,682 - __main__ - INFO - Polynomial 1 with 10 features executed 1000 times.
2019-02-20 09:46:00,682 - __main__ - INFO - Polynomial took 1.1117231845855713 miliseconds to complete.
2019-02-20 09:46:59,662 - __main__ - INFO - Script is starting with CPU at 50 %.
2019-02-20 09:47:00,221 - __main__ - INFO - Polynomial 2 with 10 features executed 1000 times.
2019-02-20 09:47:00,221 - __main__ - INFO - Polynomial took 0.5489451885223389 miliseconds to complete.
2019-02-20 09:47:05,241 - __main__ - INFO - Polynomial 3 with 10 features executed 1000 times.
2019-02-20 09:47:05,242 - __main__ - INFO - Polynomial took 1.8033640384674072 miliseconds to complete.
2019-02-20 09:47:06,412 - __main__ - INFO - NN 1 with 10 features executed 1000 times.
2019-02-20 09:47:06,412 - __main__ - INFO - NN took 0.7235393524169922 miliseconds to complete.
2019-02-20 09:51:41,369 - __main__ - INFO - Script is starting with CPU at 50 %.
2019-02-20 09:51:41,899 - __main__ - INFO - Polynomial 2 with 10 features executed 1000 times.
2019-02-20 09:51:41,899 - __main__ - INFO - Polynomial took 0.5191686153411865 miliseconds to complete.
2019-02-20 09:51:46,207 - __main__ - INFO - Polynomial 3 with 10 features executed 1000 times.
2019-02-20 09:51:46,207 - __main__ - INFO - Polynomial took 1.700683355331421 miliseconds to complete.
2019-02-20 09:51:47,303 - __main__ - INFO - NN 1 with 10 features executed 1000 times.
2019-02-20 09:51:47,304 - __main__ - INFO - NN took 0.6730329990386963 miliseconds to complete.
2019-02-20 10:02:46,154 - __main__ - INFO - Script is starting with CPU at 50 %.
2019-02-20 10:03:08,789 - __main__ - INFO - Script is starting with CPU at 50 %.
2019-02-20 10:03:09,355 - __main__ - INFO - Polynomial 2 with 10 features executed 1000 times.
2019-02-20 10:03:09,355 - __main__ - INFO - Polynomial took 0.5526916980743408 miliseconds to complete.
2019-02-20 10:03:13,322 - __main__ - INFO - Polynomial 3 with 10 features executed 1000 times.
2019-02-20 10:03:13,323 - __main__ - INFO - Polynomial took 1.6522438526153564 miliseconds to complete.
2019-02-20 10:03:14,423 - __main__ - INFO - NN 1 with 10 features executed 1000 times.
2019-02-20 10:03:14,423 - __main__ - INFO - NN took 0.6691503524780273 miliseconds to complete.
2019-02-20 10:05:11,939 - __main__ - INFO - Script is starting with CPU at 50 %.
2019-02-20 10:05:12,493 - __main__ - INFO - Polynomial 2 with 10 features executed 1000 times.
2019-02-20 10:05:12,493 - __main__ - INFO - Polynomial took 0.5387325286865234 miliseconds to complete.
2019-02-20 10:05:16,948 - __main__ - INFO - Polynomial 3 with 10 features executed 1000 times.
2019-02-20 10:05:16,948 - __main__ - INFO - Polynomial took 1.768202543258667 miliseconds to complete.
2019-02-20 10:05:18,078 - __main__ - INFO - NN 1 with 10 features executed 1000 times.
2019-02-20 10:05:18,078 - __main__ - INFO - NN took 0.6910839080810547 miliseconds to complete.
2019-02-20 10:05:51,633 - __main__ - INFO - Script is starting with CPU at 50 %.
2019-02-20 10:05:52,164 - __main__ - INFO - Polynomial 2 with 10 features executed 1000 times.
2019-02-20 10:05:52,164 - __main__ - INFO - Polynomial took 0.5173332691192627 miliseconds to complete.
2019-02-20 10:05:56,797 - __main__ - INFO - Polynomial 3 with 10 features executed 1000 times.
2019-02-20 10:05:56,797 - __main__ - INFO - Polynomial took 1.7058067321777344 miliseconds to complete.
2019-02-20 10:05:57,876 - __main__ - INFO - NN 1 with 10 features executed 1000 times.
2019-02-20 10:05:57,876 - __main__ - INFO - NN took 0.668928861618042 miliseconds to complete.
2019-02-20 10:05:59,317 - __main__ - INFO - NN 2 with 10 features executed 1000 times.
2019-02-20 10:05:59,317 - __main__ - INFO - NN took 1.0338761806488037 miliseconds to complete.
2019-02-20 10:41:43,173 - __main__ - INFO - Script is starting with CPU at 50 %.
2019-02-20 10:41:50,520 - __main__ - INFO - Model nn, degree 2 with 10 features executed 1000 times.
2019-02-20 10:41:50,520 - __main__ - INFO - Polynomial took 1.000023365020752 miliseconds to complete.
2019-02-20 10:42:30,379 - __main__ - INFO - Script is starting with CPU at 50 %.
2019-02-20 10:42:30,916 - __main__ - INFO - Model poly, degree 2 with 10 features executed 1000 times.
2019-02-20 10:42:30,916 - __main__ - INFO - Polynomial took 0.5229771137237549 miliseconds to complete.
2019-02-20 10:42:34,753 - __main__ - INFO - Model poly, degree 3 with 10 features executed 1000 times.
2019-02-20 10:42:34,753 - __main__ - INFO - Polynomial took 1.6769907474517822 miliseconds to complete.
2019-02-20 10:42:35,876 - __main__ - INFO - Model nn, degree 1 with 10 features executed 1000 times.
2019-02-20 10:42:35,876 - __main__ - INFO - Polynomial took 0.6803228855133057 miliseconds to complete.
2019-02-20 10:42:37,365 - __main__ - INFO - Model nn, degree 2 with 10 features executed 1000 times.
2019-02-20 10:42:37,365 - __main__ - INFO - Polynomial took 1.0380892753601074 miliseconds to complete.
2019-02-20 10:44:05,755 - __main__ - INFO - Script is starting with CPU at 50 %.
2019-02-20 10:44:06,326 - __main__ - INFO - Model poly, degree 2 with 10 features executed 1000 times.
2019-02-20 10:44:06,327 - __main__ - INFO - Polynomial took 0.5413477420806885 miliseconds to complete.
2019-02-20 10:44:10,499 - __main__ - INFO - Model poly, degree 3 with 10 features executed 1000 times.
2019-02-20 10:44:10,500 - __main__ - INFO - Polynomial took 1.7482702732086182 miliseconds to complete.
2019-02-20 10:44:11,578 - __main__ - INFO - Model nn, degree 1 with 10 features executed 1000 times.
2019-02-20 10:44:11,578 - __main__ - INFO - Polynomial took 0.6522066593170166 miliseconds to complete.
2019-02-20 10:44:12,983 - __main__ - INFO - Model nn, degree 2 with 10 features executed 1000 times.
2019-02-20 10:44:12,984 - __main__ - INFO - Polynomial took 0.9996287822723389 miliseconds to complete.
2019-02-20 10:45:06,876 - __main__ - INFO - Script is starting with CPU at 50 %.
2019-02-20 10:45:07,434 - __main__ - INFO - Model poly, degree 2 with 10 features executed 1000 times.
2019-02-20 10:45:07,434 - __main__ - INFO - Polynomial took 0.5435583591461182 miliseconds to complete.
2019-02-20 10:45:10,659 - __main__ - INFO - Model poly, degree 3 with 10 features executed 1000 times.
2019-02-20 10:45:10,659 - __main__ - INFO - Polynomial took 1.7652835845947266 miliseconds to complete.
2019-02-20 10:45:11,783 - __main__ - INFO - Model nn, degree 1 with 10 features executed 1000 times.
2019-02-20 10:45:11,783 - __main__ - INFO - Polynomial took 0.6811561584472656 miliseconds to complete.
2019-02-20 10:45:13,205 - __main__ - INFO - Model nn, degree 2 with 10 features executed 1000 times.
2019-02-20 10:45:13,206 - __main__ - INFO - Polynomial took 1.019364595413208 miliseconds to complete.
2019-02-20 10:45:14,453 - __main__ - INFO - Model nn, degree 1 with 10 features executed 1000 times.
2019-02-20 10:45:14,453 - __main__ - INFO - Polynomial took 0.7291853427886963 miliseconds to complete.
2019-02-20 10:45:16,102 - __main__ - INFO - Model nn, degree 2 with 10 features executed 1000 times.
2019-02-20 10:45:16,102 - __main__ - INFO - Polynomial took 1.0690901279449463 miliseconds to complete.
2019-02-20 10:46:21,277 - __main__ - INFO - Script is starting with CPU at 50 %.
2019-02-20 10:46:21,808 - __main__ - INFO - Model poly, degree 2 with 10 features executed 1000 times.
2019-02-20 10:46:21,808 - __main__ - INFO - Polynomial took 0.5169451236724854 miliseconds to complete.
2019-02-20 10:46:25,539 - __main__ - INFO - Model poly, degree 3 with 10 features executed 1000 times.
2019-02-20 10:46:25,539 - __main__ - INFO - Polynomial took 1.9280717372894287 miliseconds to complete.
2019-02-20 10:46:27,017 - __main__ - INFO - Model nn, degree 1 with 10 features executed 1000 times.
2019-02-20 10:46:27,017 - __main__ - INFO - Polynomial took 1.026749610900879 miliseconds to complete.
2019-02-20 10:46:28,430 - __main__ - INFO - Model nn, degree 2 with 10 features executed 1000 times.
2019-02-20 10:46:28,430 - __main__ - INFO - Polynomial took 1.0037603378295898 miliseconds to complete.
2019-02-20 10:46:29,675 - __main__ - INFO - Model nn, degree 1 with 10 features executed 1000 times.
2019-02-20 10:46:29,676 - __main__ - INFO - Polynomial took 0.7260665893554688 miliseconds to complete.
2019-02-20 10:46:31,329 - __main__ - INFO - Model nn, degree 2 with 10 features executed 1000 times.
2019-02-20 10:46:31,329 - __main__ - INFO - Polynomial took 1.054121971130371 miliseconds to complete.
2019-02-20 10:46:32,838 - __main__ - INFO - Model nn, degree 1 with 10 features executed 1000 times.
2019-02-20 10:46:32,838 - __main__ - INFO - Polynomial took 0.8143000602722168 miliseconds to complete.
2019-02-20 10:46:34,699 - __main__ - INFO - Model nn, degree 2 with 10 features executed 1000 times.
2019-02-20 10:46:34,699 - __main__ - INFO - Polynomial took 1.1411712169647217 miliseconds to complete.
2019-02-21 10:11:56,946 - __main__ - INFO - Script is starting with CPU at 50 %.
2019-02-21 10:11:57,477 - __main__ - INFO - Model poly, degree 2 with 10 features executed 1000 times.
2019-02-21 10:11:57,477 - __main__ - INFO - Polynomial took 0.5171947479248047 miliseconds to complete.
2019-02-21 10:12:01,795 - __main__ - INFO - Model poly, degree 3 with 10 features executed 1000 times.
2019-02-21 10:12:01,795 - __main__ - INFO - Polynomial took 1.6918659210205078 miliseconds to complete.
2019-02-21 10:12:03,009 - __main__ - INFO - Model nn, degree 1 with 10 features executed 1000 times.
2019-02-21 10:12:03,009 - __main__ - INFO - Polynomial took 0.7866897583007812 miliseconds to complete.
2019-02-21 10:12:04,380 - __main__ - INFO - Model nn, degree 2 with 10 features executed 1000 times.
2019-02-21 10:12:04,380 - __main__ - INFO - Polynomial took 0.9625728130340576 miliseconds to complete.
2019-02-21 10:12:05,601 - __main__ - INFO - Model nn, degree 1 with 10 features executed 1000 times.
2019-02-21 10:12:05,601 - __main__ - INFO - Polynomial took 0.7104244232177734 miliseconds to complete.
2019-02-21 10:12:07,301 - __main__ - INFO - Model nn, degree 2 with 10 features executed 1000 times.
2019-02-21 10:12:07,301 - __main__ - INFO - Polynomial took 1.1014199256896973 miliseconds to complete.
2019-02-21 10:12:08,756 - __main__ - INFO - Model nn, degree 1 with 10 features executed 1000 times.
2019-02-21 10:12:08,756 - __main__ - INFO - Polynomial took 0.7686159610748291 miliseconds to complete.
2019-02-21 10:12:10,560 - __main__ - INFO - Model nn, degree 2 with 10 features executed 1000 times.
2019-02-21 10:12:10,560 - __main__ - INFO - Polynomial took 1.115684986114502 miliseconds to complete.
2019-03-06 15:39:27,406 - __main__ - INFO - Script is starting with CPU at 50 %.
2019-03-06 15:39:28,117 - __main__ - INFO - Model poly, degree 2 with 10 features executed 1000 times.
2019-03-06 15:39:28,118 - __main__ - INFO - Polynomial took 0.6918432712554932 miliseconds to complete.
2019-03-06 15:39:34,457 - __main__ - INFO - Model poly, degree 3 with 10 features executed 1000 times.
2019-03-06 15:39:34,458 - __main__ - INFO - Polynomial took 2.2635457515716553 miliseconds to complete.
2019-03-06 15:39:35,828 - __main__ - INFO - Model nn, degree 1 with 10 features executed 1000 times.
2019-03-06 15:39:35,828 - __main__ - INFO - Polynomial took 0.826045036315918 miliseconds to complete.
2019-03-06 15:39:37,582 - __main__ - INFO - Model nn, degree 2 with 10 features executed 1000 times.
2019-03-06 15:39:37,583 - __main__ - INFO - Polynomial took 1.2050821781158447 miliseconds to complete.
2019-03-06 15:39:39,087 - __main__ - INFO - Model nn, degree 1 with 10 features executed 1000 times.
2019-03-06 15:39:39,087 - __main__ - INFO - Polynomial took 0.815659761428833 miliseconds to complete.
2019-03-06 15:39:41,215 - __main__ - INFO - Model nn, degree 2 with 10 features executed 1000 times.
2019-03-06 15:39:41,215 - __main__ - INFO - Polynomial took 1.3901948928833008 miliseconds to complete.
2019-03-06 15:39:43,073 - __main__ - INFO - Model nn, degree 1 with 10 features executed 1000 times.
2019-03-06 15:39:43,073 - __main__ - INFO - Polynomial took 0.9350848197937012 miliseconds to complete.
2019-03-06 15:39:45,723 - __main__ - INFO - Model nn, degree 2 with 10 features executed 1000 times.
2019-03-06 15:39:45,724 - __main__ - INFO - Polynomial took 1.730762243270874 miliseconds to complete.
2019-03-06 15:41:22,489 - __main__ - INFO - Script is starting with CPU at 50 %.
2019-03-06 15:42:37,307 - __main__ - INFO - Script is starting with CPU at 50 %.
2019-03-06 15:43:17,164 - __main__ - INFO - Script is starting with CPU at 50 %.
2019-03-06 15:44:22,492 - __main__ - INFO - Script is starting with CPU at 50 %.
2019-03-06 15:44:22,523 - __main__ - INFO - FFT ran on file short.wav executed 2 times.
2019-03-06 15:44:22,523 - __main__ - INFO - FFT ran on file short.wav took 0.0032961368560791016 miliseconds to complete.
2019-03-06 15:44:22,567 - __main__ - INFO - FFT ran on file medium.wav executed 2 times.
2019-03-06 15:44:22,567 - __main__ - INFO - FFT ran on file medium.wav took 0.03671908378601074 miliseconds to complete.
2019-03-06 15:46:42,316 - __main__ - INFO - FFT ran on file long.wav executed 2 times.
2019-03-06 15:46:42,317 - __main__ - INFO - FFT ran on file long.wav took 139.74222779273987 miliseconds to complete.
2019-03-06 15:47:22,786 - __main__ - INFO - Script is starting with CPU at 50 %.
2019-03-06 15:47:22,917 - __main__ - INFO - FFT ran on file short.wav executed 100 times.
2019-03-06 15:47:22,917 - __main__ - INFO - FFT ran on file short.wav took 0.11335945129394531 miliseconds to complete.
2019-03-06 15:47:24,239 - __main__ - INFO - FFT ran on file medium.wav executed 100 times.
2019-03-06 15:47:24,240 - __main__ - INFO - FFT ran on file medium.wav took 1.309725046157837 miliseconds to complete.
2019-03-06 15:48:30,813 - __main__ - INFO - FFT ran on file long.wav executed 1 times.
2019-03-06 15:48:30,814 - __main__ - INFO - FFT ran on file long.wav took 66.56500005722046 miliseconds to complete.
2019-03-06 15:52:44,958 - __main__ - INFO - Script is starting with CPU at 50 %.
2019-03-06 15:52:45,590 - __main__ - INFO - Model poly, degree 2 with 10 features executed 1000 times.
2019-03-06 15:52:45,590 - __main__ - INFO - Model took 0.615462064743042 miliseconds to complete.
2019-03-06 15:52:50,969 - __main__ - INFO - Model poly, degree 3 with 10 features executed 1000 times.
2019-03-06 15:52:50,970 - __main__ - INFO - Model took 2.0475804805755615 miliseconds to complete.
2019-03-06 15:52:52,278 - __main__ - INFO - Model nn, degree 1 with 10 features executed 1000 times.
2019-03-06 15:52:52,278 - __main__ - INFO - Model took 0.7515814304351807 miliseconds to complete.
2019-03-06 15:52:53,985 - __main__ - INFO - Model nn, degree 2 with 10 features executed 1000 times.
2019-03-06 15:52:53,985 - __main__ - INFO - Model took 1.1286189556121826 miliseconds to complete.
2019-03-06 15:52:55,583 - __main__ - INFO - Model nn, degree 1 with 10 features executed 1000 times.
2019-03-06 15:52:55,583 - __main__ - INFO - Model took 0.9703350067138672 miliseconds to complete.
2019-03-06 15:52:57,545 - __main__ - INFO - Model nn, degree 2 with 10 features executed 1000 times.
2019-03-06 15:52:57,545 - __main__ - INFO - Model took 1.2259783744812012 miliseconds to complete.
2019-03-06 15:52:59,292 - __main__ - INFO - Model nn, degree 1 with 10 features executed 1000 times.
2019-03-06 15:52:59,292 - __main__ - INFO - Model took 0.9968373775482178 miliseconds to complete.
2019-03-06 15:53:01,566 - __main__ - INFO - Model nn, degree 2 with 10 features executed 1000 times.
2019-03-06 15:53:01,566 - __main__ - INFO - Model took 1.329111099243164 miliseconds to complete.
2019-03-06 15:53:01,679 - __main__ - INFO - FFT ran on file short.wav executed 100 times.
2019-03-06 15:53:01,679 - __main__ - INFO - FFT ran on file short.wav took 0.10590887069702148 miliseconds to complete.
2019-03-06 15:53:02,942 - __main__ - INFO - FFT ran on file medium.wav executed 100 times.
2019-03-06 15:53:02,945 - __main__ - INFO - FFT ran on file medium.wav took 1.254575252532959 miliseconds to complete.
2019-03-06 15:54:02,645 - __main__ - INFO - FFT ran on file long.wav executed 1 times.
2019-03-06 15:54:02,645 - __main__ - INFO - FFT ran on file long.wav took 59.69382381439209 miliseconds to complete.
2019-03-07 10:12:24,769 - __main__ - INFO - Script is starting with CPU at 50 %.
2019-03-07 10:12:25,344 - __main__ - INFO - Model poly, degree 2 with 10 features executed 1000 times.
2019-03-07 10:12:25,344 - __main__ - INFO - Model took 0.5600509643554688 miliseconds to complete.
2019-03-07 10:12:30,367 - __main__ - INFO - Model poly, degree 3 with 10 features executed 1000 times.
2019-03-07 10:12:30,367 - __main__ - INFO - Model took 1.882063865661621 miliseconds to complete.
2019-03-07 10:12:31,485 - __main__ - INFO - Model nn, degree 1 with 10 features executed 1000 times.
2019-03-07 10:12:31,485 - __main__ - INFO - Model took 0.6856565475463867 miliseconds to complete.
2019-03-07 10:12:33,056 - __main__ - INFO - Model nn, degree 2 with 10 features executed 1000 times.
2019-03-07 10:12:33,056 - __main__ - INFO - Model took 1.1161048412322998 miliseconds to complete.
2019-03-07 10:12:34,315 - __main__ - INFO - Model nn, degree 1 with 10 features executed 1000 times.
2019-03-07 10:12:34,316 - __main__ - INFO - Model took 0.734611988067627 miliseconds to complete.
2019-03-07 10:12:36,037 - __main__ - INFO - Model nn, degree 2 with 10 features executed 1000 times.
2019-03-07 10:12:36,037 - __main__ - INFO - Model took 1.1227147579193115 miliseconds to complete.
2019-03-07 10:12:37,520 - __main__ - INFO - Model nn, degree 1 with 10 features executed 1000 times.
2019-03-07 10:12:37,521 - __main__ - INFO - Model took 0.8180358409881592 miliseconds to complete.
2019-03-07 10:12:39,360 - __main__ - INFO - Model nn, degree 2 with 10 features executed 1000 times.
2019-03-07 10:12:39,360 - __main__ - INFO - Model took 1.1490981578826904 miliseconds to complete.
2019-03-07 10:12:39,376 - __main__ - INFO - Optimizer type pso executed 10 times.
2019-03-07 10:12:39,376 - __main__ - INFO - Optimizer type pso took 0.00976109504699707 miliseconds to complete.
2019-03-07 10:12:39,393 - __main__ - INFO - Optimizer type pso executed 10 times.
2019-03-07 10:12:39,393 - __main__ - INFO - Optimizer type pso took 0.011161327362060547 miliseconds to complete.
2019-03-07 10:12:39,588 - __main__ - INFO - Optimizer type pso executed 10 times.
2019-03-07 10:12:39,588 - __main__ - INFO - Optimizer type pso took 0.18953323364257812 miliseconds to complete.
2019-03-07 10:17:53,609 - __main__ - INFO - Script is starting with CPU at 50 %.
2019-03-07 10:17:54,176 - __main__ - INFO - Model poly, degree 2 with 10 features executed 1000 times.
2019-03-07 10:17:54,176 - __main__ - INFO - Model took 0.5494024753570557 miliseconds to complete.
2019-03-07 10:17:58,539 - __main__ - INFO - Model poly, degree 3 with 10 features executed 1000 times.
2019-03-07 10:17:58,539 - __main__ - INFO - Model took 1.8953099250793457 miliseconds to complete.
2019-03-07 10:17:59,681 - __main__ - INFO - Model nn, degree 1 with 10 features executed 1000 times.
2019-03-07 10:17:59,681 - __main__ - INFO - Model took 0.6845686435699463 miliseconds to complete.
2019-03-07 10:18:01,152 - __main__ - INFO - Model nn, degree 2 with 10 features executed 1000 times.
2019-03-07 10:18:01,152 - __main__ - INFO - Model took 1.0521609783172607 miliseconds to complete.
2019-03-07 10:18:02,388 - __main__ - INFO - Model nn, degree 1 with 10 features executed 1000 times.
2019-03-07 10:18:02,389 - __main__ - INFO - Model took 0.710303783416748 miliseconds to complete.
2019-03-07 10:18:04,079 - __main__ - INFO - Model nn, degree 2 with 10 features executed 1000 times.
2019-03-07 10:18:04,079 - __main__ - INFO - Model took 1.1066877841949463 miliseconds to complete.
2019-03-07 10:18:05,564 - __main__ - INFO - Model nn, degree 1 with 10 features executed 1000 times.
2019-03-07 10:18:05,564 - __main__ - INFO - Model took 0.7763080596923828 miliseconds to complete.
2019-03-07 10:18:07,517 - __main__ - INFO - Model nn, degree 2 with 10 features executed 1000 times.
2019-03-07 10:18:07,517 - __main__ - INFO - Model took 1.2703840732574463 miliseconds to complete.
2019-03-07 10:18:07,612 - __main__ - INFO - FFT ran on file short.wav executed 100 times.
2019-03-07 10:18:07,612 - __main__ - INFO - FFT ran on file short.wav took 0.08900070190429688 miliseconds to complete.
2019-03-07 10:18:08,782 - __main__ - INFO - FFT ran on file medium.wav executed 100 times.
2019-03-07 10:18:08,782 - __main__ - INFO - FFT ran on file medium.wav took 1.1636230945587158 miliseconds to complete.
2019-03-07 10:19:08,019 - __main__ - INFO - FFT ran on file long.wav executed 1 times.
2019-03-07 10:19:08,019 - __main__ - INFO - FFT ran on file long.wav took 59.23050904273987 miliseconds to complete.
2019-03-07 10:19:08,173 - __main__ - INFO - Optimizer type pso executed 10 times.
2019-03-07 10:19:08,173 - __main__ - INFO - Optimizer type pso took 0.1480402946472168 miliseconds to complete.
2019-03-07 10:19:08,339 - __main__ - INFO - Optimizer type pso executed 10 times.
2019-03-07 10:19:08,339 - __main__ - INFO - Optimizer type pso took 0.1599903106689453 miliseconds to complete.
2019-03-07 10:19:08,539 - __main__ - INFO - Optimizer type pso executed 10 times.
2019-03-07 10:19:08,539 - __main__ - INFO - Optimizer type pso took 0.19452214241027832 miliseconds to complete.
